2021-10-01 16:50:16 [scrapy.utils.log] INFO: Scrapy 2.5.0 started (bot: greyhood_project)
2021-10-01 16:50:16 [scrapy.utils.log] INFO: Versions: lxml 4.6.3.0, libxml2 2.9.5, cssselect 1.1.0, parsel 1.6.0, w3lib 1.22.0, Twisted 21.7.0, Python 3.7.11 (default, Jul 27 2021, 09:42:29) [MSC v.1916 64 bit (AMD64)], pyOpenSSL 21.0.0 (OpenSSL 1.1.1l  24 Aug 2021), cryptography 3.4.8, Platform Windows-10-10.0.18362-SP0
2021-10-01 16:50:16 [scrapy.crawler] INFO: Overridden settings:
{'AUTOTHROTTLE_ENABLED': True,
 'BOT_NAME': 'greyhood_project',
 'CONCURRENT_REQUESTS': 32,
 'CONCURRENT_REQUESTS_PER_DOMAIN': 32,
 'HTTPCACHE_ENABLED': True,
 'LOG_FILE': 'logs\\greyhood_project\\greyhound\\413f843a22cf11eca49ab8763fda1fcc.log',
 'LOG_LEVEL': 'INFO',
 'NEWSPIDER_MODULE': 'greyhood_project.spiders',
 'SPIDER_MODULES': ['greyhood_project.spiders']}
2021-10-01 16:50:16 [scrapy.extensions.telnet] INFO: Telnet Password: bd69475c9382a56c
2021-10-01 16:50:16 [scrapy.middleware] INFO: Enabled extensions:
['scrapy.extensions.corestats.CoreStats',
 'scrapy.extensions.telnet.TelnetConsole',
 'scrapy.extensions.feedexport.FeedExporter',
 'scrapy.extensions.logstats.LogStats',
 'scrapy.extensions.throttle.AutoThrottle']
2021-10-01 16:50:16 [scrapy.middleware] INFO: Enabled downloader middlewares:
['scrapy.downloadermiddlewares.httpauth.HttpAuthMiddleware',
 'scrapy.downloadermiddlewares.downloadtimeout.DownloadTimeoutMiddleware',
 'scrapy.downloadermiddlewares.defaultheaders.DefaultHeadersMiddleware',
 'greyhood_project.middlewares.UserAgentRotatorMiddleware',
 'scrapy.downloadermiddlewares.retry.RetryMiddleware',
 'scrapy.downloadermiddlewares.redirect.MetaRefreshMiddleware',
 'scrapy.downloadermiddlewares.httpcompression.HttpCompressionMiddleware',
 'scrapy.downloadermiddlewares.redirect.RedirectMiddleware',
 'scrapy.downloadermiddlewares.cookies.CookiesMiddleware',
 'scrapy.downloadermiddlewares.httpproxy.HttpProxyMiddleware',
 'scrapy.downloadermiddlewares.stats.DownloaderStats',
 'scrapy.downloadermiddlewares.httpcache.HttpCacheMiddleware']
2021-10-01 16:50:16 [scrapy.middleware] INFO: Enabled spider middlewares:
['scrapy.spidermiddlewares.httperror.HttpErrorMiddleware',
 'scrapy.spidermiddlewares.offsite.OffsiteMiddleware',
 'scrapy.spidermiddlewares.referer.RefererMiddleware',
 'scrapy.spidermiddlewares.urllength.UrlLengthMiddleware',
 'scrapy.spidermiddlewares.depth.DepthMiddleware']
2021-10-01 16:50:16 [scrapy.middleware] INFO: Enabled item pipelines:
['greyhood_project.pipelines.JsonWriterPipeline']
2021-10-01 16:50:16 [scrapy.core.engine] INFO: Spider opened
2021-10-01 16:50:16 [scrapy.extensions.logstats] INFO: Crawled 0 pages (at 0 pages/min), scraped 0 items (at 0 items/min)
2021-10-01 16:50:16 [scrapy.extensions.telnet] INFO: Telnet console listening on 127.0.0.1:6023
2021-10-01 16:50:46 [scrapy.core.engine] INFO: Closing spider (finished)
2021-10-01 16:50:46 [scrapy.extensions.feedexport] INFO: Stored csv feed (57 items) in: results.csv
2021-10-01 16:50:46 [scrapy.statscollectors] INFO: Dumping Scrapy stats:
{'downloader/request_bytes': 25386,
 'downloader/request_count': 59,
 'downloader/request_method_count/GET': 59,
 'downloader/response_bytes': 36719276,
 'downloader/response_count': 59,
 'downloader/response_status_count/200': 58,
 'downloader/response_status_count/301': 1,
 'elapsed_time_seconds': 30.005998,
 'feedexport/success_count/FileFeedStorage': 1,
 'finish_reason': 'finished',
 'finish_time': datetime.datetime(2021, 10, 1, 15, 50, 46, 210464),
 'httpcache/hit': 59,
 'item_scraped_count': 57,
 'log_count/INFO': 11,
 'request_depth_max': 1,
 'response_received_count': 58,
 'scheduler/dequeued': 59,
 'scheduler/dequeued/memory': 59,
 'scheduler/enqueued': 59,
 'scheduler/enqueued/memory': 59,
 'start_time': datetime.datetime(2021, 10, 1, 15, 50, 16, 204466)}
2021-10-01 16:50:46 [scrapy.core.engine] INFO: Spider closed (finished)
